bin_id;n_rec;n_super_kmers;size;2nd stage MEM;n_singatures
0;121744;11182;104448;1345536;224
1;89821;8713;80128;996608;257
2;75905;7451;68096;844800;270
3;66687;6861;61952;741888;280
4;58870;6182;55296;659712;287
5;53296;5681;50688;599552;293
6;48483;5341;47104;545280;298
7;44376;4956;43776;501248;302
8;40762;4561;40192;462336;305
9;37552;4220;37120;425472;308
10;34954;4152;35840;397056;311
11;32250;3719;32512;366592;313
12;29931;3773;32256;343552;316
13;27969;3524;30208;322304;318
14;25721;3274;27904;295680;320
15;24217;3047;26112;279040;321
16;22664;3119;26112;263424;323
17;21214;2480;21760;243200;324
18;20141;2841;23552;236544;325
19;18934;2940;24064;224000;326
20;17618;2659;21760;208640;327
21;16889;2161;18432;197888;328
22;15926;2365;19456;189440;329
23;14897;2439;19712;179200;330
24;13860;2417;19200;168192;331
25;13065;1771;15104;156416;332
26;12638;1882;15616;151808;332
27;11912;2005;16128;146176;333
28;11213;2058;16128;138752;333
29;10542;2046;16128;130816;334
30;9879;1967;15360;124928;334
31;9305;1880;14592;117504;335
32;8794;1301;10752;108288;335
33;8638;1319;11008;106752;335
34;8214;1630;12800;105216;336
35;7709;1612;12544;98816;336
36;7292;1528;11776;94464;337
37;6921;1461;11264;91136;337
38;6543;1431;11008;85504;337
39;6183;1418;10752;82944;337
40;5875;1221;9472;78080;338
41;5581;1251;9472;75264;338
42;5318;1233;9472;72448;338
511;5192;1473;11008;70912;1
43;5070;1194;9216;68864;338
44;4765;1228;9216;66560;339
45;4580;882;6912;61696;339
47;4407;709;5888;59648;339
48;4234;886;6912;58624;339
46;4407;608;5120;58624;339
49;4068;942;7168;56832;339
50;3793;904;6912;54272;339
51;3729;922;6912;52992;339
52;3399;886;6656;49920;339
53;3390;879;6656;49152;339
54;3084;846;6400;46080;340
55;3051;817;6144;45824;339
56;2839;817;6144;43264;340
57;2720;829;6144;41984;340
58;2651;807;5888;41216;340
60;2380;766;5632;38400;340
59;2380;734;5376;37888;340
61;2187;700;5120;35840;340
62;2040;653;4864;33792;340
63;2040;673;5120;33792;340
64;1982;645;4864;33536;340
66;1700;603;4608;30464;340
67;1700;605;4608;30464;340
65;1700;624;4608;29952;340
68;1569;577;4352;28160;340
70;1360;534;3840;25856;340
72;1360;551;4096;25856;340
71;1360;537;3840;25856;340
69;1360;537;3840;25856;340
73;1236;538;3840;24320;340
76;1020;492;3584;22272;340
74;1020;477;3584;21760;340
75;1020;465;3328;21760;340
78;1020;497;3584;21760;340
77;1020;474;3328;21760;340
79;857;467;3328;20736;340
87;676;437;3072;18688;339
86;678;445;3328;18688;339
85;680;401;2816;18688;340
82;680;418;3072;18432;340
80;680;427;3072;18432;340
83;680;439;3328;18432;340
81;680;449;3328;18432;340
84;680;404;3072;18432;340
89;340;340;2560;14336;340
100;339;339;2560;14336;339
99;339;339;2560;14336;339
98;339;339;2560;14336;339
97;339;339;2560;14336;339
96;339;339;2560;14336;339
94;339;339;2560;14336;339
88;340;340;2560;14336;340
90;339;339;2560;14336;339
91;339;339;2560;14336;339
93;339;339;2560;14336;339
95;339;339;2560;14336;339
92;339;339;2560;14336;339
101;252;252;1792;12544;339
419;0;0;0;8448;292
291;0;0;0;8448;319
483;0;0;0;8448;260
387;0;0;0;8448;301
259;0;0;0;8448;323
451;0;0;0;8448;280
195;0;0;0;8448;330
307;0;0;0;8448;316
211;0;0;0;8448;329
323;0;0;0;8448;314
371;0;0;0;8448;305
243;0;0;0;8448;325
403;0;0;0;8448;297
179;0;0;0;8448;332
435;0;0;0;8448;287
275;0;0;0;8448;321
467;0;0;0;8448;272
147;0;0;0;8448;335
499;0;0;0;8448;239
203;0;0;0;8448;329
315;0;0;0;8448;315
155;0;0;0;8448;334
331;0;0;0;8448;312
219;0;0;0;8448;328
339;0;0;0;8448;311
363;0;0;0;8448;307
235;0;0;0;8448;326
379;0;0;0;8448;303
171;0;0;0;8448;333
395;0;0;0;8448;299
251;0;0;0;8448;324
411;0;0;0;8448;295
139;0;0;0;8448;336
427;0;0;0;8448;290
267;0;0;0;8448;322
443;0;0;0;8448;284
187;0;0;0;8448;331
459;0;0;0;8448;276
283;0;0;0;8448;320
475;0;0;0;8448;267
123;0;0;0;8448;337
491;0;0;0;8448;251
299;0;0;0;8448;318
507;0;0;0;8448;212
151;0;0;0;8448;335
311;0;0;0;8448;316
207;0;0;0;8448;329
319;0;0;0;8448;314
127;0;0;0;8448;337
327;0;0;0;8448;313
215;0;0;0;8448;328
335;0;0;0;8448;312
159;0;0;0;8448;334
343;0;0;0;8448;310
223;0;0;0;8448;327
347;0;0;0;8448;310
359;0;0;0;8448;307
231;0;0;0;8448;326
367;0;0;0;8448;306
167;0;0;0;8448;333
375;0;0;0;8448;304
239;0;0;0;8448;325
383;0;0;0;8448;302
135;0;0;0;8448;336
391;0;0;0;8448;300
247;0;0;0;8448;325
399;0;0;0;8448;298
175;0;0;0;8448;332
407;0;0;0;8448;296
255;0;0;0;8448;324
415;0;0;0;8448;294
119;0;0;0;8448;337
423;0;0;0;8448;291
263;0;0;0;8448;323
431;0;0;0;8448;288
183;0;0;0;8448;332
439;0;0;0;8448;285
271;0;0;0;8448;321
447;0;0;0;8448;282
143;0;0;0;8448;335
455;0;0;0;8448;278
279;0;0;0;8448;320
463;0;0;0;8448;274
191;0;0;0;8448;331
471;0;0;0;8448;269
287;0;0;0;8448;319
479;0;0;0;8448;263
111;0;0;0;8448;338
487;0;0;0;8448;256
295;0;0;0;8448;318
495;0;0;0;8448;246
199;0;0;0;8448;330
503;0;0;0;8448;229
303;0;0;0;8448;317
510;0;0;0;8448;161
125;0;0;0;8448;337
309;0;0;0;8448;316
205;0;0;0;8448;329
313;0;0;0;8448;315
153;0;0;0;8448;334
317;0;0;0;8448;315
209;0;0;0;8448;329
321;0;0;0;8448;314
113;0;0;0;8448;338
325;0;0;0;8448;313
213;0;0;0;8448;328
329;0;0;0;8448;313
157;0;0;0;8448;334
333;0;0;0;8448;312
217;0;0;0;8448;328
337;0;0;0;8448;311
129;0;0;0;8448;337
341;0;0;0;8448;311
221;0;0;0;8448;328
345;0;0;0;8448;310
161;0;0;0;8448;334
349;0;0;0;8448;309
225;0;0;0;8448;327
351;0;0;0;8448;309
357;0;0;0;8448;308
229;0;0;0;8448;327
361;0;0;0;8448;307
165;0;0;0;8448;333
365;0;0;0;8448;306
233;0;0;0;8448;326
369;0;0;0;8448;305
133;0;0;0;8448;336
373;0;0;0;8448;304
237;0;0;0;8448;326
377;0;0;0;8448;304
169;0;0;0;8448;333
381;0;0;0;8448;303
241;0;0;0;8448;325
385;0;0;0;8448;302
117;0;0;0;8448;338
389;0;0;0;8448;301
245;0;0;0;8448;325
393;0;0;0;8448;300
173;0;0;0;8448;333
397;0;0;0;8448;299
249;0;0;0;8448;324
401;0;0;0;8448;298
137;0;0;0;8448;336
405;0;0;0;8448;297
253;0;0;0;8448;324
409;0;0;0;8448;295
177;0;0;0;8448;332
413;0;0;0;8448;294
257;0;0;0;8448;323
417;0;0;0;8448;293
109;0;0;0;8448;338
421;0;0;0;8448;292
261;0;0;0;8448;323
425;0;0;0;8448;291
181;0;0;0;8448;332
429;0;0;0;8448;289
265;0;0;0;8448;322
433;0;0;0;8448;288
141;0;0;0;8448;336
437;0;0;0;8448;286
269;0;0;0;8448;322
441;0;0;0;8448;285
185;0;0;0;8448;331
445;0;0;0;8448;283
273;0;0;0;8448;321
449;0;0;0;8448;281
121;0;0;0;8448;337
453;0;0;0;8448;279
277;0;0;0;8448;321
457;0;0;0;8448;277
189;0;0;0;8448;331
461;0;0;0;8448;275
281;0;0;0;8448;320
465;0;0;0;8448;273
145;0;0;0;8448;335
469;0;0;0;8448;271
285;0;0;0;8448;320
473;0;0;0;8448;268
193;0;0;0;8448;331
477;0;0;0;8448;265
289;0;0;0;8448;319
481;0;0;0;8448;262
105;0;0;0;8448;339
485;0;0;0;8448;258
293;0;0;0;8448;318
489;0;0;0;8448;254
197;0;0;0;8448;330
493;0;0;0;8448;249
297;0;0;0;8448;318
497;0;0;0;8448;242
149;0;0;0;8448;335
501;0;0;0;8448;234
301;0;0;0;8448;317
505;0;0;0;8448;222
201;0;0;0;8448;330
509;0;0;0;8448;195
305;0;0;0;8448;317
306;0;0;0;8448;317
112;0;0;0;8448;338
308;0;0;0;8448;316
204;0;0;0;8448;329
310;0;0;0;8448;316
152;0;0;0;8448;335
312;0;0;0;8448;316
206;0;0;0;8448;329
314;0;0;0;8448;315
126;0;0;0;8448;337
316;0;0;0;8448;315
208;0;0;0;8448;329
318;0;0;0;8448;315
154;0;0;0;8448;334
320;0;0;0;8448;314
210;0;0;0;8448;329
322;0;0;0;8448;314
106;0;0;0;8448;339
324;0;0;0;8448;314
212;0;0;0;8448;329
326;0;0;0;8448;313
156;0;0;0;8448;334
328;0;0;0;8448;313
214;0;0;0;8448;328
330;0;0;0;8448;313
128;0;0;0;8448;337
332;0;0;0;8448;312
216;0;0;0;8448;328
334;0;0;0;8448;312
158;0;0;0;8448;334
336;0;0;0;8448;312
218;0;0;0;8448;328
338;0;0;0;8448;311
114;0;0;0;8448;338
340;0;0;0;8448;311
220;0;0;0;8448;328
342;0;0;0;8448;311
160;0;0;0;8448;334
344;0;0;0;8448;310
222;0;0;0;8448;327
346;0;0;0;8448;310
130;0;0;0;8448;336
348;0;0;0;8448;309
224;0;0;0;8448;327
350;0;0;0;8448;309
162;0;0;0;8448;334
352;0;0;0;8448;309
226;0;0;0;8448;327
353;0;0;0;8448;308
356;0;0;0;8448;308
228;0;0;0;8448;327
358;0;0;0;8448;308
164;0;0;0;8448;333
360;0;0;0;8448;307
230;0;0;0;8448;327
362;0;0;0;8448;307
132;0;0;0;8448;336
364;0;0;0;8448;306
232;0;0;0;8448;326
366;0;0;0;8448;306
166;0;0;0;8448;333
368;0;0;0;8448;305
234;0;0;0;8448;326
370;0;0;0;8448;305
116;0;0;0;8448;338
372;0;0;0;8448;305
236;0;0;0;8448;326
374;0;0;0;8448;304
168;0;0;0;8448;333
376;0;0;0;8448;304
238;0;0;0;8448;326
378;0;0;0;8448;303
134;0;0;0;8448;336
380;0;0;0;8448;303
240;0;0;0;8448;325
382;0;0;0;8448;302
170;0;0;0;8448;333
384;0;0;0;8448;302
242;0;0;0;8448;325
386;0;0;0;8448;301
108;0;0;0;8448;338
388;0;0;0;8448;301
244;0;0;0;8448;325
390;0;0;0;8448;300
172;0;0;0;8448;333
392;0;0;0;8448;300
246;0;0;0;8448;325
394;0;0;0;8448;299
136;0;0;0;8448;336
396;0;0;0;8448;299
248;0;0;0;8448;324
398;0;0;0;8448;298
174;0;0;0;8448;332
400;0;0;0;8448;298
250;0;0;0;8448;324
402;0;0;0;8448;297
118;0;0;0;8448;338
404;0;0;0;8448;297
252;0;0;0;8448;324
406;0;0;0;8448;296
176;0;0;0;8448;332
408;0;0;0;8448;296
254;0;0;0;8448;324
410;0;0;0;8448;295
138;0;0;0;8448;336
412;0;0;0;8448;295
256;0;0;0;8448;323
414;0;0;0;8448;294
178;0;0;0;8448;332
416;0;0;0;8448;293
258;0;0;0;8448;323
418;0;0;0;8448;293
104;0;0;0;8448;339
420;0;0;0;8448;292
260;0;0;0;8448;323
422;0;0;0;8448;292
180;0;0;0;8448;332
424;0;0;0;8448;291
262;0;0;0;8448;323
426;0;0;0;8448;290
140;0;0;0;8448;336
428;0;0;0;8448;289
264;0;0;0;8448;322
430;0;0;0;8448;289
182;0;0;0;8448;332
432;0;0;0;8448;288
266;0;0;0;8448;322
434;0;0;0;8448;287
120;0;0;0;8448;337
436;0;0;0;8448;287
268;0;0;0;8448;322
438;0;0;0;8448;286
184;0;0;0;8448;331
440;0;0;0;8448;285
270;0;0;0;8448;322
442;0;0;0;8448;284
142;0;0;0;8448;335
444;0;0;0;8448;283
272;0;0;0;8448;321
446;0;0;0;8448;283
186;0;0;0;8448;331
448;0;0;0;8448;282
274;0;0;0;8448;321
450;0;0;0;8448;281
110;0;0;0;8448;338
452;0;0;0;8448;280
276;0;0;0;8448;321
454;0;0;0;8448;279
188;0;0;0;8448;331
456;0;0;0;8448;278
278;0;0;0;8448;321
458;0;0;0;8448;277
144;0;0;0;8448;335
460;0;0;0;8448;276
280;0;0;0;8448;320
462;0;0;0;8448;275
190;0;0;0;8448;331
464;0;0;0;8448;274
282;0;0;0;8448;320
466;0;0;0;8448;272
122;0;0;0;8448;337
468;0;0;0;8448;271
284;0;0;0;8448;320
470;0;0;0;8448;270
192;0;0;0;8448;331
472;0;0;0;8448;269
286;0;0;0;8448;319
474;0;0;0;8448;267
146;0;0;0;8448;335
476;0;0;0;8448;266
288;0;0;0;8448;319
478;0;0;0;8448;264
194;0;0;0;8448;330
480;0;0;0;8448;263
290;0;0;0;8448;319
482;0;0;0;8448;261
102;0;0;0;8448;339
484;0;0;0;8448;259
292;0;0;0;8448;319
486;0;0;0;8448;257
196;0;0;0;8448;330
488;0;0;0;8448;255
294;0;0;0;8448;318
490;0;0;0;8448;252
148;0;0;0;8448;335
492;0;0;0;8448;250
296;0;0;0;8448;318
494;0;0;0;8448;247
198;0;0;0;8448;330
496;0;0;0;8448;244
298;0;0;0;8448;318
498;0;0;0;8448;240
124;0;0;0;8448;337
500;0;0;0;8448;236
300;0;0;0;8448;317
502;0;0;0;8448;232
200;0;0;0;8448;330
504;0;0;0;8448;225
302;0;0;0;8448;317
506;0;0;0;8448;218
150;0;0;0;8448;335
508;0;0;0;8448;205
304;0;0;0;8448;317
202;0;0;0;8448;330
354;0;0;0;8448;308
103;0;0;0;8448;339
107;0;0;0;8448;338
115;0;0;0;8448;338
131;0;0;0;8448;336
163;0;0;0;8448;333
227;0;0;0;8448;327
355;0;0;0;8448;308
SUMMARY;1238088;174931;1465856
n_reads: 1
